Base path: C:/Program Files (x86)/Unity/Editor/Data
Pipe name: \\.\pipe\UnityShaderCompiler-5-3848
Cmd: getPlatforms
Cmd: compileSnippet
  api=4 type=1 insize=4181 outsize=4297 kw= ok=1
Cmd: compileSnippet
  api=4 type=1 insize=1901 outsize=925 kw= ok=1
Cmd: compileSnippet
  api=4 type=0 insize=1228 outsize=990 kw= ok=1
Cmd: compileSnippet
  api=4 type=1 insize=3712 outsize=4557 kw= ok=1
Cmd: compileSnippet
  api=4 type=1 insize=6848 outsize=4418 kw= ok=1
Cmd: compileSnippet
  api=4 type=0 insize=10590 outsize=990 kw= ok=1
Cmd: compileSnippet
  api=4 type=1 insize=10613 outsize=9269 kw= ok=1
Cmd: compileSnippet
  api=4 type=0 insize=691 outsize=1347 kw= ok=1
Cmd: compileSnippet
  api=0 type=1 insize=691 outsize=131 kw= ok=1
Unhandled exception: Readfile from pipe failed. GLE=The pipe has been ended.


Quitting shader compiler process
