Base path: C:/Program Files (x86)/Unity/Editor/Data
Pipe name: \\.\pipe\UnityShaderCompiler-3-4172
Cmd: getPlatforms
Cmd: compileSnippet
  api=4 type=0 insize=4181 outsize=2200 kw= ok=1
Cmd: compileSnippet
  api=4 type=0 insize=1901 outsize=990 kw= ok=1
Cmd: compileSnippet
  api=0 type=0 insize=1228 outsize=330 kw= ok=1
Cmd: compileSnippet
  api=0 type=0 insize=1228 outsize=591 kw= ok=1
Cmd: compileSnippet
  api=0 type=0 insize=3712 outsize=3861 kw= ok=1
Cmd: compileSnippet
  api=0 type=0 insize=32665 outsize=8890 kw= ok=1
Cmd: compileSnippet
  api=0 type=0 insize=6848 outsize=3133 kw= ok=1
Cmd: compileSnippet
  api=0 type=0 insize=32675 outsize=8819 kw= ok=1
Cmd: compileSnippet
  api=0 type=0 insize=1742 outsize=671 kw= ok=1
Cmd: compileSnippet
  api=0 type=0 insize=10590 outsize=856 kw= ok=1
Cmd: compileSnippet
  api=0 type=0 insize=10613 outsize=5904 kw= ok=1
Cmd: compileSnippet
  api=0 type=0 insize=10612 outsize=5890 kw= ok=1
Cmd: compileSnippet
  api=0 type=0 insize=691 outsize=390 kw= ok=1
Unhandled exception: Readfile from pipe failed. GLE=The pipe has been ended.


Quitting shader compiler process
