Base path: C:/Program Files (x86)/Unity/Editor/Data
Pipe name: \\.\pipe\UnityShaderCompiler-8-3936
Cmd: getPlatforms
Cmd: compileSnippet
  api=4 type=1 insize=4181 outsize=4297 kw= ok=1
Cmd: compileSnippet
  api=0 type=1 insize=1901 outsize=291 kw= ok=1
Cmd: compileSnippet
  api=4 type=1 insize=1909 outsize=2704 kw= ok=1
Cmd: compileSnippet
  api=4 type=1 insize=1228 outsize=925 kw= ok=1
Cmd: compileSnippet
  api=0 type=1 insize=3712 outsize=6 kw= ok=1
Cmd: compileSnippet
  api=4 type=0 insize=6848 outsize=1380 kw= ok=1
Cmd: compileSnippet
  api=0 type=1 insize=32675 outsize=6 kw= ok=1
Cmd: compileSnippet
  api=8 type=1 insize=1742 outsize=4818 kw= ok=1
Cmd: compileSnippet
  api=4 type=1 insize=10590 outsize=1672 kw= ok=1
Unhandled exception: Readfile from pipe failed. GLE=The pipe has been ended.


Quitting shader compiler process
